# JRE version: OpenJDK Runtime Environment (8.0_242-b01) (build 1.8.0_242-release-1644-b01)
# Java VM: OpenJDK 64-Bit Server VM (25.242-b01 mixed mode windows-amd64 compressed oops)
Heap:
 PSYoungGen      total 410112K, used 72154K [0x00000000d5580000, 0x00000000f2100000, 0x0000000100000000)
  eden space 394752K, 14% used [0x00000000d5580000,0x00000000d8cfced0,0x00000000ed700000)
  from space 15360K, 99% used [0x00000000f1200000,0x00000000f20f9bd0,0x00000000f2100000)
  to   space 20480K, 0% used [0x00000000ef900000,0x00000000ef900000,0x00000000f0d00000)
 ParOldGen       total 76288K, used 20947K [0x0000000080000000, 0x0000000084a80000, 0x00000000d5580000)
  object space 76288K, 27% used [0x0000000080000000,0x0000000081474e50,0x0000000084a80000)
 Metaspace       used 52540K, capacity 54634K, committed 54824K, reserved 1097728K
  class space    used 7036K, capacity 7443K, committed 7472K, reserved 1048576K
GC Heap History (10 events):
Event: 3.950 GC heap before
{Heap before GC invocations=6 (full 1):
 PSYoungGen      total 138240K, used 5088K [0x00000000d5580000, 0x00000000e7380000, 0x0000000100000000)
  eden space 133120K, 0% used [0x00000000d5580000,0x00000000d5580000,0x00000000dd780000)
  from space 5120K, 99% used [0x00000000dd780000,0x00000000ddc78030,0x00000000ddc80000)
  to   space 13312K, 0% used [0x00000000e6680000,0x00000000e6680000,0x00000000e7380000)
 ParOldGen       total 87552K, used 11012K [0x0000000080000000, 0x0000000085580000, 0x00000000d5580000)
  object space 87552K, 12% used [0x0000000080000000,0x0000000080ac12e0,0x0000000085580000)
 Metaspace       used 20598K, capacity 21224K, committed 21296K, reserved 1067008K
  class space    used 2873K, capacity 3076K, committed 3120K, reserved 1048576K
Event: 3.993 GC heap after
Heap after GC invocations=6 (full 1):
 PSYoungGen      total 138240K, used 0K [0x00000000d5580000, 0x00000000e7380000, 0x0000000100000000)
  eden space 133120K, 0% used [0x00000000d5580000,0x00000000d5580000,0x00000000dd780000)
  from space 5120K, 0% used [0x00000000dd780000,0x00000000dd780000,0x00000000ddc80000)
  to   space 13312K, 0% used [0x00000000e6680000,0x00000000e6680000,0x00000000e7380000)
 ParOldGen       total 57856K, used 11620K [0x0000000080000000, 0x0000000083880000, 0x00000000d5580000)
  object space 57856K, 20% used [0x0000000080000000,0x0000000080b59008,0x0000000083880000)
 Metaspace       used 20598K, capacity 21224K, committed 21296K, reserved 1067008K
  class space    used 2873K, capacity 3076K, committed 3120K, reserved 1048576K
}
Event: 5.326 GC heap before
{Heap before GC invocations=7 (full 1):
 PSYoungGen      total 138240K, used 133120K [0x00000000d5580000, 0x00000000e7380000, 0x0000000100000000)
  eden space 133120K, 100% used [0x00000000d5580000,0x00000000dd780000,0x00000000dd780000)
  from space 5120K, 0% used [0x00000000dd780000,0x00000000dd780000,0x00000000ddc80000)
  to   space 13312K, 0% used [0x00000000e6680000,0x00000000e6680000,0x00000000e7380000)
 ParOldGen       total 57856K, used 11620K [0x0000000080000000, 0x0000000083880000, 0x00000000d5580000)
  object space 57856K, 20% used [0x0000000080000000,0x0000000080b59008,0x0000000083880000)
 Metaspace       used 32960K, capacity 34012K, committed 34224K, reserved 1079296K
  class space    used 4498K, capacity 4757K, committed 4784K, reserved 1048576K
Event: 5.346 GC heap after
Heap after GC invocations=7 (full 1):
 PSYoungGen      total 253952K, used 13292K [0x00000000d5580000, 0x00000000e7380000, 0x0000000100000000)
  eden space 240640K, 0% used [0x00000000d5580000,0x00000000d5580000,0x00000000e4080000)
  from space 13312K, 99% used [0x00000000e6680000,0x00000000e737b1a8,0x00000000e7380000)
  to   space 16384K, 0% used [0x00000000e5380000,0x00000000e5380000,0x00000000e6380000)
 ParOldGen       total 57856K, used 12651K [0x0000000080000000, 0x0000000083880000, 0x00000000d5580000)
  object space 57856K, 21% used [0x0000000080000000,0x0000000080c5aca0,0x0000000083880000)
 Metaspace       used 32960K, capacity 34012K, committed 34224K, reserved 1079296K
  class space    used 4498K, capacity 4757K, committed 4784K, reserved 1048576K
}
Event: 5.599 GC heap before
{Heap before GC invocations=8 (full 1):
 PSYoungGen      total 253952K, used 44762K [0x00000000d5580000, 0x00000000e7380000, 0x0000000100000000)
  eden space 240640K, 13% used [0x00000000d5580000,0x00000000d743b850,0x00000000e4080000)
  from space 13312K, 99% used [0x00000000e6680000,0x00000000e737b1a8,0x00000000e7380000)
  to   space 16384K, 0% used [0x00000000e5380000,0x00000000e5380000,0x00000000e6380000)
 ParOldGen       total 57856K, used 12651K [0x0000000080000000, 0x0000000083880000, 0x00000000d5580000)
  object space 57856K, 21% used [0x0000000080000000,0x0000000080c5aca0,0x0000000083880000)
 Metaspace       used 34260K, capacity 35412K, committed 35496K, reserved 1079296K
  class space    used 4714K, capacity 5001K, committed 5040K, reserved 1048576K
Event: 5.620 GC heap after
Heap after GC invocations=8 (full 1):
 PSYoungGen      total 276480K, used 7900K [0x00000000d5580000, 0x00000000f2100000, 0x0000000100000000)
  eden space 260096K, 0% used [0x00000000d5580000,0x00000000d5580000,0x00000000e5380000)
  from space 16384K, 48% used [0x00000000e5380000,0x00000000e5b37188,0x00000000e6380000)
  to   space 15360K, 0% used [0x00000000f1200000,0x00000000f1200000,0x00000000f2100000)
 ParOldGen       total 57856K, used 12659K [0x0000000080000000, 0x0000000083880000, 0x00000000d5580000)
  object space 57856K, 21% used [0x0000000080000000,0x0000000080c5cca0,0x0000000083880000)
 Metaspace       used 34260K, capacity 35412K, committed 35496K, reserved 1079296K
  class space    used 4714K, capacity 5001K, committed 5040K, reserved 1048576K
}
Event: 5.620 GC heap before
{Heap before GC invocations=9 (full 2):
 PSYoungGen      total 276480K, used 7900K [0x00000000d5580000, 0x00000000f2100000, 0x0000000100000000)
  eden space 260096K, 0% used [0x00000000d5580000,0x00000000d5580000,0x00000000e5380000)
  from space 16384K, 48% used [0x00000000e5380000,0x00000000e5b37188,0x00000000e6380000)
  to   space 15360K, 0% used [0x00000000f1200000,0x00000000f1200000,0x00000000f2100000)
 ParOldGen       total 57856K, used 12659K [0x0000000080000000, 0x0000000083880000, 0x00000000d5580000)
  object space 57856K, 21% used [0x0000000080000000,0x0000000080c5cca0,0x0000000083880000)
 Metaspace       used 34260K, capacity 35412K, committed 35496K, reserved 1079296K
  class space    used 4714K, capacity 5001K, committed 5040K, reserved 1048576K
Event: 5.728 GC heap after
Heap after GC invocations=9 (full 2):
 PSYoungGen      total 276480K, used 0K [0x00000000d5580000, 0x00000000f2100000, 0x0000000100000000)
  eden space 260096K, 0% used [0x00000000d5580000,0x00000000d5580000,0x00000000e5380000)
  from space 16384K, 0% used [0x00000000e5380000,0x00000000e5380000,0x00000000e6380000)
  to   space 15360K, 0% used [0x00000000f1200000,0x00000000f1200000,0x00000000f2100000)
 ParOldGen       total 76288K, used 14295K [0x0000000080000000, 0x0000000084a80000, 0x00000000d5580000)
  object space 76288K, 18% used [0x0000000080000000,0x0000000080df5fa8,0x0000000084a80000)
 Metaspace       used 34260K, capacity 35412K, committed 35496K, reserved 1079296K
  class space    used 4714K, capacity 5001K, committed 5040K, reserved 1048576K
}
Event: 11.570 GC heap before
{Heap before GC invocations=10 (full 2):
 PSYoungGen      total 276480K, used 260096K [0x00000000d5580000, 0x00000000f2100000, 0x0000000100000000)
  eden space 260096K, 100% used [0x00000000d5580000,0x00000000e5380000,0x00000000e5380000)
  from space 16384K, 0% used [0x00000000e5380000,0x00000000e5380000,0x00000000e6380000)
  to   space 15360K, 0% used [0x00000000f1200000,0x00000000f1200000,0x00000000f2100000)
 ParOldGen       total 76288K, used 14295K [0x0000000080000000, 0x0000000084a80000, 0x00000000d5580000)
  object space 76288K, 18% used [0x0000000080000000,0x0000000080df5fa8,0x0000000084a80000)
 Metaspace       used 48534K, capacity 50344K, committed 50728K, reserved 1093632K
  class space    used 6517K, capacity 6886K, committed 6960K, reserved 1048576K
Event: 11.595 GC heap after
Heap after GC invocations=10 (full 2):
 PSYoungGen      total 410112K, used 15334K [0x00000000d5580000, 0x00000000f2100000, 0x0000000100000000)
  eden space 394752K, 0% used [0x00000000d5580000,0x00000000d5580000,0x00000000ed700000)
  from space 15360K, 99% used [0x00000000f1200000,0x00000000f20f9bd0,0x00000000f2100000)
  to   space 20480K, 0% used [0x00000000ef900000,0x00000000ef900000,0x00000000f0d00000)
 ParOldGen       total 76288K, used 20947K [0x0000000080000000, 0x0000000084a80000, 0x00000000d5580000)
  object space 76288K, 27% used [0x0000000080000000,0x0000000081474e50,0x0000000084a80000)
 Metaspace       used 48534K, capacity 50344K, committed 50728K, reserved 1093632K
  class space    used 6517K, capacity 6886K, committed 6960K, reserved 1048576K
}

