# JRE version: OpenJDK Runtime Environment (8.0_242-b01) (build 1.8.0_242-release-1644-b01)
# Java VM: OpenJDK 64-Bit Server VM (25.242-b01 mixed mode windows-amd64 compressed oops)
Heap:
 PSYoungGen      total 582656K, used 357169K [0x00000000d5580000, 0x0000000100000000, 0x0000000100000000)
  eden space 548864K, 65% used [0x00000000d5580000,0x00000000eb24c568,0x00000000f6d80000)
  from space 33792K, 0% used [0x00000000f6d80000,0x00000000f6d80000,0x00000000f8e80000)
  to   space 32768K, 0% used [0x00000000fe000000,0x00000000fe000000,0x0000000100000000)
 ParOldGen       total 165888K, used 60865K [0x0000000080000000, 0x000000008a200000, 0x00000000d5580000)
  object space 165888K, 36% used [0x0000000080000000,0x0000000083b70540,0x000000008a200000)
 Metaspace       used 98651K, capacity 103148K, committed 103488K, reserved 1138688K
  class space    used 12890K, capacity 13841K, committed 13952K, reserved 1048576K
GC Heap History (10 events):
Event: 24.718 GC heap before
{Heap before GC invocations=11 (full 2):
 PSYoungGen      total 432128K, used 118173K [0x00000000d5580000, 0x00000000f1780000, 0x0000000100000000)
  eden space 417280K, 24% used [0x00000000d5580000,0x00000000dba6b418,0x00000000eed00000)
  from space 14848K, 99% used [0x00000000f0900000,0x00000000f177c360,0x00000000f1780000)
  to   space 20480K, 0% used [0x00000000eef80000,0x00000000eef80000,0x00000000f0380000)
 ParOldGen       total 73216K, used 21684K [0x0000000080000000, 0x0000000084780000, 0x00000000d5580000)
  object space 73216K, 29% used [0x0000000080000000,0x000000008152d1a8,0x0000000084780000)
 Metaspace       used 56648K, capacity 59004K, committed 59096K, reserved 1099776K
  class space    used 7418K, capacity 7893K, committed 7936K, reserved 1048576K
Event: 24.752 GC heap after
Heap after GC invocations=11 (full 2):
 PSYoungGen      total 440320K, used 20455K [0x00000000d5580000, 0x00000000fa600000, 0x0000000100000000)
  eden space 419840K, 0% used [0x00000000d5580000,0x00000000d5580000,0x00000000eef80000)
  from space 20480K, 99% used [0x00000000eef80000,0x00000000f0379e38,0x00000000f0380000)
  to   space 24064K, 0% used [0x00000000f8e80000,0x00000000f8e80000,0x00000000fa600000)
 ParOldGen       total 73216K, used 23251K [0x0000000080000000, 0x0000000084780000, 0x00000000d5580000)
  object space 73216K, 31% used [0x0000000080000000,0x00000000816b4d50,0x0000000084780000)
 Metaspace       used 56648K, capacity 59004K, committed 59096K, reserved 1099776K
  class space    used 7418K, capacity 7893K, committed 7936K, reserved 1048576K
}
Event: 24.752 GC heap before
{Heap before GC invocations=12 (full 3):
 PSYoungGen      total 440320K, used 20455K [0x00000000d5580000, 0x00000000fa600000, 0x0000000100000000)
  eden space 419840K, 0% used [0x00000000d5580000,0x00000000d5580000,0x00000000eef80000)
  from space 20480K, 99% used [0x00000000eef80000,0x00000000f0379e38,0x00000000f0380000)
  to   space 24064K, 0% used [0x00000000f8e80000,0x00000000f8e80000,0x00000000fa600000)
 ParOldGen       total 73216K, used 23251K [0x0000000080000000, 0x0000000084780000, 0x00000000d5580000)
  object space 73216K, 31% used [0x0000000080000000,0x00000000816b4d50,0x0000000084780000)
 Metaspace       used 56648K, capacity 59004K, committed 59096K, reserved 1099776K
  class space    used 7418K, capacity 7893K, committed 7936K, reserved 1048576K
Event: 24.998 GC heap after
Heap after GC invocations=12 (full 3):
 PSYoungGen      total 440320K, used 0K [0x00000000d5580000, 0x00000000fa600000, 0x0000000100000000)
  eden space 419840K, 0% used [0x00000000d5580000,0x00000000d5580000,0x00000000eef80000)
  from space 20480K, 0% used [0x00000000eef80000,0x00000000eef80000,0x00000000f0380000)
  to   space 24064K, 0% used [0x00000000f8e80000,0x00000000f8e80000,0x00000000fa600000)
 ParOldGen       total 108032K, used 33774K [0x0000000080000000, 0x0000000086980000, 0x00000000d5580000)
  object space 108032K, 31% used [0x0000000080000000,0x00000000820fb960,0x0000000086980000)
 Metaspace       used 56542K, capacity 58722K, committed 59096K, reserved 1099776K
  class space    used 7388K, capacity 7855K, committed 7936K, reserved 1048576K
}
Event: 36.282 GC heap before
{Heap before GC invocations=13 (full 3):
 PSYoungGen      total 440320K, used 419840K [0x00000000d5580000, 0x00000000fa600000, 0x0000000100000000)
  eden space 419840K, 100% used [0x00000000d5580000,0x00000000eef80000,0x00000000eef80000)
  from space 20480K, 0% used [0x00000000eef80000,0x00000000eef80000,0x00000000f0380000)
  to   space 24064K, 0% used [0x00000000f8e80000,0x00000000f8e80000,0x00000000fa600000)
 ParOldGen       total 108032K, used 33774K [0x0000000080000000, 0x0000000086980000, 0x00000000d5580000)
  object space 108032K, 31% used [0x0000000080000000,0x00000000820fb960,0x0000000086980000)
 Metaspace       used 82747K, capacity 86546K, committed 86744K, reserved 1124352K
  class space    used 11192K, capacity 11988K, committed 12032K, reserved 1048576K
Event: 36.324 GC heap after
Heap after GC invocations=13 (full 3):
 PSYoungGen      total 572928K, used 24060K [0x00000000d5580000, 0x00000000fb080000, 0x0000000100000000)
  eden space 548864K, 0% used [0x00000000d5580000,0x00000000d5580000,0x00000000f6d80000)
  from space 24064K, 99% used [0x00000000f8e80000,0x00000000fa5ff120,0x00000000fa600000)
  to   space 33792K, 0% used [0x00000000f6d80000,0x00000000f6d80000,0x00000000f8e80000)
 ParOldGen       total 108032K, used 50046K [0x0000000080000000, 0x0000000086980000, 0x00000000d5580000)
  object space 108032K, 46% used [0x0000000080000000,0x00000000830df960,0x0000000086980000)
 Metaspace       used 82747K, capacity 86546K, committed 86744K, reserved 1124352K
  class space    used 11192K, capacity 11988K, committed 12032K, reserved 1048576K
}
Event: 374.623 GC heap before
{Heap before GC invocations=14 (full 3):
 PSYoungGen      total 572928K, used 372369K [0x00000000d5580000, 0x00000000fb080000, 0x0000000100000000)
  eden space 548864K, 63% used [0x00000000d5580000,0x00000000ea9a54c0,0x00000000f6d80000)
  from space 24064K, 99% used [0x00000000f8e80000,0x00000000fa5ff120,0x00000000fa600000)
  to   space 33792K, 0% used [0x00000000f6d80000,0x00000000f6d80000,0x00000000f8e80000)
 ParOldGen       total 108032K, used 50046K [0x0000000080000000, 0x0000000086980000, 0x00000000d5580000)
  object space 108032K, 46% used [0x0000000080000000,0x00000000830df960,0x0000000086980000)
 Metaspace       used 94038K, capacity 98408K, committed 98496K, reserved 1134592K
  class space    used 12344K, capacity 13275K, committed 13312K, reserved 1048576K
Event: 374.664 GC heap after
Heap after GC invocations=14 (full 3):
 PSYoungGen      total 582656K, used 16762K [0x00000000d5580000, 0x0000000100000000, 0x0000000100000000)
  eden space 548864K, 0% used [0x00000000d5580000,0x00000000d5580000,0x00000000f6d80000)
  from space 33792K, 49% used [0x00000000f6d80000,0x00000000f7ddea58,0x00000000f8e80000)
  to   space 32768K, 0% used [0x00000000fe000000,0x00000000fe000000,0x0000000100000000)
 ParOldGen       total 108032K, used 73343K [0x0000000080000000, 0x0000000086980000, 0x00000000d5580000)
  object space 108032K, 67% used [0x0000000080000000,0x000000008479fee0,0x0000000086980000)
 Metaspace       used 94038K, capacity 98408K, committed 98496K, reserved 1134592K
  class space    used 12344K, capacity 13275K, committed 13312K, reserved 1048576K
}
Event: 374.664 GC heap before
{Heap before GC invocations=15 (full 4):
 PSYoungGen      total 582656K, used 16762K [0x00000000d5580000, 0x0000000100000000, 0x0000000100000000)
  eden space 548864K, 0% used [0x00000000d5580000,0x00000000d5580000,0x00000000f6d80000)
  from space 33792K, 49% used [0x00000000f6d80000,0x00000000f7ddea58,0x00000000f8e80000)
  to   space 32768K, 0% used [0x00000000fe000000,0x00000000fe000000,0x0000000100000000)
 ParOldGen       total 108032K, used 73343K [0x0000000080000000, 0x0000000086980000, 0x00000000d5580000)
  object space 108032K, 67% used [0x0000000080000000,0x000000008479fee0,0x0000000086980000)
 Metaspace       used 94038K, capacity 98408K, committed 98496K, reserved 1134592K
  class space    used 12344K, capacity 13275K, committed 13312K, reserved 1048576K
Event: 374.900 GC heap after
Heap after GC invocations=15 (full 4):
 PSYoungGen      total 582656K, used 0K [0x00000000d5580000, 0x0000000100000000, 0x0000000100000000)
  eden space 548864K, 0% used [0x00000000d5580000,0x00000000d5580000,0x00000000f6d80000)
  from space 33792K, 0% used [0x00000000f6d80000,0x00000000f6d80000,0x00000000f8e80000)
  to   space 32768K, 0% used [0x00000000fe000000,0x00000000fe000000,0x0000000100000000)
 ParOldGen       total 165888K, used 60865K [0x0000000080000000, 0x000000008a200000, 0x00000000d5580000)
  object space 165888K, 36% used [0x0000000080000000,0x0000000083b70540,0x000000008a200000)
 Metaspace       used 93935K, capacity 98110K, committed 98496K, reserved 1134592K
  class space    used 12312K, capacity 13218K, committed 13312K, reserved 1048576K
}

